SEGGER J-Link Commander V8.10c (Compiled Oct 16 2024 16:19:11)
DLL version V8.10c, compiled Oct 16 2024 16:18:13


J-Link Command File read successfully.
Processing script file...
J-Link>h
J-Link connection not established yet but required for command.
Connecting to J-Link via USB...O.K.
Firmware: J-Link OB-STM32F072-CortexM compiled Mar  8 2025 11:15:54
Hardware version: V1.00
J-Link uptime (since boot): N/A (Not supported by this model)
S/N: -1
License(s): GDB, RDI, FlashBP, FlashDL, JFlash, RDDI
VTref=3.300V
Target connection not established yet but required for command.
Device "NRF52832_XXAA" selected.


Connecting to target via SWD
InitTarget() start
InitTarget() end - Took 25.8ms
Found SW-DP with ID 0x2BA01477
DPv0 detected
CoreSight SoC-400 or earlier
Scanning AP map to find all available APs
AP[2]: Stopped AP scan as end of AP map has been reached
AP[0]: AHB-AP (IDR: 0x24770011, ADDR: 0x00000000)
AP[1]: JTAG-AP (IDR: 0x02880000, ADDR: 0x01000000)
Iterating through AP map to find AHB-AP to use
AP[0]: Core found
AP[0]: AHB-AP ROM base: 0xE00FF000
CPUID register: 0x410FC241. Implementer code: 0x41 (ARM)
Found Cortex-M4 r0p1, Little endian.
FPUnit: 6 code (BP) slots and 2 literal slots
CoreSight components:
ROMTbl[0] @ E00FF000
[0][0]: E000E000 CID B105E00D PID 000BB00C SCS-M7
[0][1]: E0001000 CID B105E00D PID 003BB002 DWT
[0][2]: E0002000 CID B105E00D PID 002BB003 FPB
[0][3]: E0000000 CID B105E00D PID 003BB001 ITM
[0][4]: E0040000 CID B105900D PID 000BB9A1 TPIU
[0][5]: E0041000 CID B105900D PID 000BB925 ETM
Memory zones:
  Zone: "Default" Description: Default access mode
Cortex-M4 identified.
PC = 00025F40, CycleCnt = CC7F05F6
R0 = 00025F40, R1 = 2003FF08, R2 = E000E100, R3 = 20003EFD
R4 = 200000B8, R5 = 00000000, R6 = E000E000, R7 = 0000003E
R8 = 00000000, R9 = 00000000, R10= 20030000, R11= 00000000
R12= 00000000
SP(R13)= 2003FF08, MSP= 2003FF08, PSP= 00000000, R14(LR) = 0001671D
XPSR = 61000000: APSR = nZCvq, EPSR = 01000000, IPSR = 000 (NoException)
CFBP = 04000000, CONTROL = 04, FAULTMASK = 00, BASEPRI = 00, PRIMASK = 00

FPS0 = 00000000, FPS1 = 00000000, FPS2 = 00000000, FPS3 = 00000000
FPS4 = 00000000, FPS5 = 00000000, FPS6 = 00000000, FPS7 = 00000000
FPS8 = 00000000, FPS9 = 00000000, FPS10= 00000000, FPS11= 00000000
FPS12= 00000000, FPS13= 00000000, FPS14= FFFFFFFF, FPS15= FFFFFFFF
FPS16= 00000000, FPS17= 00000000, FPS18= 00000000, FPS19= 00000000
FPS20= 00000000, FPS21= 00000000, FPS22= 00000000, FPS23= 00000000
FPS24= 00000000, FPS25= 00000000, FPS26= 00000000, FPS27= 00000000
FPS28= 00000000, FPS29= 00000000, FPS30= 00000000, FPS31= 00000000
FPSCR= 00000000
J-Link>erase
No address range specified, 'Erase Chip' will be executed
'erase': Performing implicit reset & halt of MCU.
Reset type: NORMAL (https://wiki.segger.com/J-Link_Reset_Strategies)
Reset: Halt core after reset via DEMCR.VC_CORERESET.
Reset: Reset device via AIRCR.SYSRESETREQ.
Erasing device...
J-Link: Flash download: Total time needed: 0.410s (Prepare: 0.134s, Compare: 0.000s, Erase: 0.173s, Program: 0.000s, Verify: 0.000s, Restore: 0.102s)
Erasing done.
J-Link>r
Reset delay: 0 ms
Reset type: NORMAL (https://wiki.segger.com/J-Link_Reset_Strategies)
Reset: Halt core after reset via DEMCR.VC_CORERESET.
Reset: Reset device via AIRCR.SYSRESETREQ.
J-Link>g
Memory map 'after startup completion point' is active
J-Link>exit

Script processing completed.

